#
# An unexpected error has been detected by HotSpot Virtual Machine:
#
#  EXCEPTION_ACCESS_VIOLATION (0xc0000005) at pc=0x6d15af46, pid=6356, tid=4432
#
# Java VM: Java HotSpot(TM) Client VM (1.5.0_12-b04 mixed mode)
# Problematic frame:
# C  [awt.dll+0xeaf46]
#

---------------  T H R E A D  ---------------

Current thread (0x0c46ee58):  JavaThread "AWT-EventQueue-0" [_thread_in_native, id=4432]

siginfo: ExceptionCode=0xc0000005, reading address 0x00000004

Registers:
EAX=0x0cf3faac, EBX=0x0850fc70, ECX=0x00000000, EDX=0x0c46ef18
ESP=0x0cf3f4f8, EBP=0x0cf3f548, ESI=0x01d70044, EDI=0x0c46ee58
EIP=0x6d15af46, EFLAGS=0x00010202

Top of Stack: (sp=0x0cf3f4f8)
0x0cf3f4f8:   0c46ee58 0850fc70 0850fc70 00000000
0x0cf3f508:   00000000 0cf3f720 0cf3f68c 0c46ee58
0x0cf3f518:   0c44c488 0c3ca4e0 0c3ca50c 0c3ca8d4
0x0cf3f528:   0cf3fa58 0c46ee58 0c470820 0cf3f578
0x0cf3f538:   0cf3f4f8 0cf3faac 6d166e0b ffffffff
0x0cf3f548:   0cf3f58c 6d15c5c2 0c46ef18 00000001
0x0cf3f558:   0850fc70 021b82ff 0c46ef18 0cf3f5a4
0x0cf3f568:   00000000 00000001 0cf3f570 00000000 

Instructions: (pc=0x6d15af46)
0x6d15af36:   00 00 83 ec 38 53 56 8b f1 57 89 65 f0 8b 4e 04
0x6d15af46:   8b 41 04 83 f8 18 75 29 8b 45 08 68 94 07 1a 6d 


Stack: [0x0cf00000,0x0cf40000),  sp=0x0cf3f4f8,  free space=253k
Native frames: (J=compiled Java code, j=interpreted, Vv=VM code, C=native code)
C  [awt.dll+0xeaf46]
C  [awt.dll+0xec5c2]
j  sun.awt.Win32GraphicsDevice.getDynamicColorModel()Ljava/awt/image/ColorModel;+14
j  sun.awt.Win32GraphicsConfig.getDeviceColorModel()Ljava/awt/image/ColorModel;+4
j  sun.awt.windows.WComponentPeer.getDeviceColorModel()Ljava/awt/image/ColorModel;+13
j  sun.awt.windows.Win32SurfaceData.createData(Lsun/awt/windows/WComponentPeer;I)Lsun/awt/windows/Win32SurfaceData;+1
j  sun.awt.Win32GraphicsConfig.createSurfaceData(Lsun/awt/windows/WComponentPeer;I)Lsun/java2d/SurfaceData;+2
j  sun.awt.windows.WComponentPeer.replaceSurfaceData(I)V+59
j  sun.awt.windows.WComponentPeer.replaceSurfaceData()V+5
j  sun.awt.windows.WComponentPeer.displayChanged()V+1
j  sun.awt.windows.WCanvasPeer.displayChanged()V+9
j  sun.awt.windows.WPanelPeer.displayChanged()V+1
j  sun.awt.windows.WWindowPeer.displayChanged()V+5
j  sun.awt.SunDisplayChanger.notifyListeners()V+65
j  sun.awt.Win32GraphicsDevice.displayChanged()V+19
j  sun.awt.Win32GraphicsEnvironment.displayChanged()V+31
j  sun.awt.windows.WToolkit$4.run()V+6
j  java.awt.event.InvocationEvent.dispatch()V+47
j  java.awt.EventQueue.dispatchEvent(Ljava/awt/AWTEvent;)V+26
j  java.awt.EventDispatchThread.pumpOneEventForHierarchy(ILjava/awt/Component;)Z+233
j  java.awt.EventDispatchThread.pumpEventsForHierarchy(ILjava/awt/Conditional;Ljava/awt/Component;)V+26
j  java.awt.EventDispatchThread.pumpEvents(ILjava/awt/Conditional;)V+4
j  java.awt.EventDispatchThread.pumpEvents(Ljava/awt/Conditional;)V+3
j  java.awt.EventDispatchThread.run()V+9
v  ~StubRoutines::call_stub
V  [jvm.dll+0x87599]
V  [jvm.dll+0xdfbb2]
V  [jvm.dll+0x8746a]
V  [jvm.dll+0x871c7]
V  [jvm.dll+0xa2048]
V  [jvm.dll+0x1110d8]
V  [jvm.dll+0x1110a6]
C  [msvcrt.dll+0x11287]
C  [msvcrt.dll+0x11328]
C  [kernel32.dll+0x1339a]
C  [ntdll.dll+0x39ed2]
C  [ntdll.dll+0x39ea5]

Java frames: (J=compiled Java code, j=interpreted, Vv=VM code)
j  sun.awt.Win32GraphicsDevice.makeColorModel(IZ)Ljava/awt/image/ColorModel;+0
j  sun.awt.Win32GraphicsDevice.getDynamicColorModel()Ljava/awt/image/ColorModel;+14
j  sun.awt.Win32GraphicsConfig.getDeviceColorModel()Ljava/awt/image/ColorModel;+4
j  sun.awt.windows.WComponentPeer.getDeviceColorModel()Ljava/awt/image/ColorModel;+13
j  sun.awt.windows.Win32SurfaceData.createData(Lsun/awt/windows/WComponentPeer;I)Lsun/awt/windows/Win32SurfaceData;+1
j  sun.awt.Win32GraphicsConfig.createSurfaceData(Lsun/awt/windows/WComponentPeer;I)Lsun/java2d/SurfaceData;+2
j  sun.awt.windows.WComponentPeer.replaceSurfaceData(I)V+59
j  sun.awt.windows.WComponentPeer.replaceSurfaceData()V+5
j  sun.awt.windows.WComponentPeer.displayChanged()V+1
j  sun.awt.windows.WCanvasPeer.displayChanged()V+9
j  sun.awt.windows.WPanelPeer.displayChanged()V+1
j  sun.awt.windows.WWindowPeer.displayChanged()V+5
j  sun.awt.SunDisplayChanger.notifyListeners()V+65
j  sun.awt.Win32GraphicsDevice.displayChanged()V+19
j  sun.awt.Win32GraphicsEnvironment.displayChanged()V+31
j  sun.awt.windows.WToolkit$4.run()V+6
j  java.awt.event.InvocationEvent.dispatch()V+47
j  java.awt.EventQueue.dispatchEvent(Ljava/awt/AWTEvent;)V+26
j  java.awt.EventDispatchThread.pumpOneEventForHierarchy(ILjava/awt/Component;)Z+233
j  java.awt.EventDispatchThread.pumpEventsForHierarchy(ILjava/awt/Conditional;Ljava/awt/Component;)V+26
j  java.awt.EventDispatchThread.pumpEvents(ILjava/awt/Conditional;)V+4
j  java.awt.EventDispatchThread.pumpEvents(Ljava/awt/Conditional;)V+3
j  java.awt.EventDispatchThread.run()V+9
v  ~StubRoutines::call_stub

---------------  P R O C E S S  ---------------

Java Threads: ( => current thread )
  0x001e8680 JavaThread "DestroyJavaVM" [_thread_blocked, id=3200]
=>0x0c46ee58 JavaThread "AWT-EventQueue-0" [_thread_in_native, id=4432]
  0x0c44d2f0 JavaThread "Java2D Disposer" daemon [_thread_blocked, id=3392]
  0x0c3e86e0 JavaThread "AWT-Windows" daemon [_thread_in_native, id=3216]
  0x01d7d570 JavaThread "AWT-Shutdown" [_thread_blocked, id=2176]
  0x01d6d2d8 JavaThread "Low Memory Detector" daemon [_thread_blocked, id=1368]
  0x01d6d5b8 JavaThread "CompilerThread0" daemon [_thread_blocked, id=5392]
  0x01d6c950 JavaThread "Signal Dispatcher" daemon [_thread_blocked, id=2788]
  0x01d61958 JavaThread "Finalizer" daemon [_thread_blocked, id=6908]
  0x01d605b0 JavaThread "Reference Handler" daemon [_thread_blocked, id=5772]

Other Threads:
  0x01d59dc8 VMThread [id=5660]
  0x01d05860 WatcherThread [id=3736]

VM state:not at safepoint (normal execution)

VM Mutex/Monitor currently owned by a thread: None

Heap
 def new generation   total 576K, used 512K [0x041b0000, 0x04250000, 0x04690000)
  eden space 512K, 100% used [0x041b0000, 0x04230000, 0x04230000)
  from space 64K,   0% used [0x04230000, 0x04230000, 0x04240000)
  to   space 64K,   0% used [0x04240000, 0x04240000, 0x04250000)
 tenured generation   total 2560K, used 1535K [0x04690000, 0x04910000, 0x081b0000)
   the space 2560K,  59% used [0x04690000, 0x0480ffe8, 0x04810000, 0x04910000)
 compacting perm gen  total 8192K, used 5190K [0x081b0000, 0x089b0000, 0x0c1b0000)
   the space 8192K,  63% used [0x081b0000, 0x086c1b20, 0x086c1c00, 0x089b0000)
No shared spaces configured.

Dynamic libraries:
0x00400000 - 0x0040d000 	C:\Program Files (x86)\EasyEclipse Expert Java 1.3.1.1\jre\bin\javaw.exe
0x776c0000 - 0x77840000 	C:\Windows\SysWOW64\ntdll.dll
0x76530000 - 0x76640000 	C:\Windows\syswow64\kernel32.dll
0x75d10000 - 0x75d56000 	C:\Windows\syswow64\KERNELBASE.dll
0x64d00000 - 0x64d34000 	C:\Program Files\Alwil Software\Avast5\snxhk.dll
0x76800000 - 0x768a0000 	C:\Windows\syswow64\ADVAPI32.dll
0x76360000 - 0x7640c000 	C:\Windows\syswow64\msvcrt.dll
0x74e10000 - 0x74e29000 	C:\Windows\SysWOW64\sechost.dll
0x75b00000 - 0x75bf0000 	C:\Windows\syswow64\RPCRT4.dll
0x74db0000 - 0x74e10000 	C:\Windows\syswow64\SspiCli.dll
0x74da0000 - 0x74dac000 	C:\Windows\syswow64\CRYPTBASE.dll
0x768a0000 - 0x769a0000 	C:\Windows\syswow64\USER32.dll
0x75bf0000 - 0x75c80000 	C:\Windows\syswow64\GDI32.dll
0x77690000 - 0x7769a000 	C:\Windows\syswow64\LPK.dll
0x75d60000 - 0x75dfd000 	C:\Windows\syswow64\USP10.dll
0x72640000 - 0x7268c000 	C:\Windows\system32\apphelp.dll
0x6d470000 - 0x6d4fd000 	C:\Windows\AppPatch\AcLayers.DLL
0x74eb0000 - 0x75afa000 	C:\Windows\syswow64\SHELL32.dll
0x74e50000 - 0x74ea7000 	C:\Windows\syswow64\SHLWAPI.dll
0x76040000 - 0x7619c000 	C:\Windows\syswow64\ole32.dll
0x76410000 - 0x7649f000 	C:\Windows\syswow64\OLEAUT32.dll
0x735b0000 - 0x735c7000 	C:\Windows\system32\USERENV.dll
0x735a0000 - 0x735ab000 	C:\Windows\system32\profapi.dll
0x71fd0000 - 0x72021000 	C:\Windows\system32\WINSPOOL.DRV
0x71200000 - 0x71212000 	C:\Windows\system32\MPR.dll
0x767a0000 - 0x76800000 	C:\Windows\system32\IMM32.DLL
0x76d10000 - 0x76ddc000 	C:\Windows\syswow64\MSCTF.dll
0x6d740000 - 0x6d8dd000 	C:\Program Files (x86)\EasyEclipse Expert Java 1.3.1.1\jre\jre\bin\client\jvm.dll
0x728c0000 - 0x728f2000 	C:\Windows\system32\WINMM.dll
0x6d300000 - 0x6d308000 	C:\Program Files (x86)\EasyEclipse Expert Java 1.3.1.1\jre\jre\bin\hpi.dll
0x74e30000 - 0x74e35000 	C:\Windows\syswow64\PSAPI.DLL
0x6d710000 - 0x6d71c000 	C:\Program Files (x86)\EasyEclipse Expert Java 1.3.1.1\jre\jre\bin\verify.dll
0x6d380000 - 0x6d39d000 	C:\Program Files (x86)\EasyEclipse Expert Java 1.3.1.1\jre\jre\bin\java.dll
0x6d730000 - 0x6d73f000 	C:\Program Files (x86)\EasyEclipse Expert Java 1.3.1.1\jre\jre\bin\zip.dll
0x6d070000 - 0x6d1da000 	C:\Program Files (x86)\EasyEclipse Expert Java 1.3.1.1\jre\jre\bin\awt.dll
0x6d200000 - 0x6d22f000 	C:\Program Files (x86)\EasyEclipse Expert Java 1.3.1.1\jre\jre\bin\cmm.dll
0x6d440000 - 0x6d45f000 	C:\Program Files (x86)\EasyEclipse Expert Java 1.3.1.1\jre\jre\bin\jpeg.dll
0x71ca0000 - 0x71d20000 	C:\Windows\system32\uxtheme.dll
0x71c00000 - 0x71c13000 	C:\Windows\system32\dwmapi.dll
0x6d2b0000 - 0x6d300000 	C:\Program Files (x86)\EasyEclipse Expert Java 1.3.1.1\jre\jre\bin\fontmanager.dll

VM Arguments:
java_command: com.mathhead200.jskittles2.frame.JSkittles2
Launcher Type: SUN_STANDARD

Environment Variables:
JAVA_HOME=C:\Program Files\Java\jdk1.6.0_26
CLASSPATH=.;C:\Program Files (x86)\Java\jre6\lib\ext\QTJava.zip
PATH=C:\Program Files (x86)\EasyEclipse Expert Java 1.3.1.1\jre\bin\..\jre\bin\client;C:\Program Files (x86)\EasyEclipse Expert Java 1.3.1.1\jre\bin\..\jre\bin;C:\Program Files\Common Files\Microsoft Shared\Windows Live;C:\Program Files (x86)\Common Files\Microsoft Shared\Windows Live;C:\Program Files (x86)\Haskell\bin;C:\Program Files (x86)\Haskell Platform\2010.2.0.0\lib\extralibs\bin;C:\Program Files (x86)\Haskell Platform\2010.2.0.0\bin;C:\Program Files (x86)\Haskell Platform\2010.1.0.0\lib\extralibs\bin;C:\Program Files (x86)\Haskell Platform\2010.1.0.0\bin;C:\Windows\system32;C:\Windows;C:\Windows\System32\Wbem;C:\Windows\System32\WindowsPowerShell\v1.0\;C:\Program Files (x86)\EgisTec\MyWinLocker 3\x86;C:\Program Files (x86)\EgisTec\MyWinLocker 3\x64;C:\Program Files (x86)\Java\jre6\bin;C:\strawberry\c\bin;C:\strawberry\perl\bin;c:\Program Files (x86)\Microsoft SQL Server\100\Tools\Binn\;c:\Program Files (x86)\Microsoft SQL Server\100\DTS\Binn\;C:\Program Files\Java\jdk1.7.0\bin;C:\Program Files (x86)\Haskell Platform\2010.1.0.0\mingw\bin;C:\Program Files (x86)\WSpace\bin;C:\Program Files (x86)\Lua\5.1;C:\Program Files (x86)\Lua\5.1\clibs;C:\Program Files (x86)\Windows Live\Shared;C:\Program Files (x86)\QuickTime\QTSystem\;C:\Users\Christopher\AppData\Roaming\cabal\bin;C:\Program Files (x86)\android-sdk_r06-windows\android-sdk-windows\tools;C:\Python27
USERNAME=Christopher
OS=Windows_NT
PROCESSOR_IDENTIFIER=Intel64 Family 6 Model 37 Stepping 2, GenuineIntel



---------------  S Y S T E M  ---------------

OS: Windows NT 6.1 Build 7601 Service Pack 1

CPU:total 4 (cores per cpu 8, threads per core 2) family 6 model 5 stepping 2, cmov, cx8, fxsr, mmx, sse, sse2, ht

Memory: 4k page, physical 3854848k(1928816k free), swap 4194303k(4149580k free)

vm_info: Java HotSpot(TM) Client VM (1.5.0_12-b04) for windows-x86, built on May  2 2007 02:07:59 by "java_re" with MS VC++ 6.0

